<?xml version="1.0" encoding="UTF-8"?>
<!-- Generated by org.testng.reporters.JUnitReportReporter -->
<testsuite hostname="DESKTOP-NI2O2K0" failures="0" tests="3" name="BatchTesting.ProductPageTest" time="0.005" errors="0" timestamp="2022-09-09T01:48:13 IST" skipped="0">
  <testcase classname="BatchTesting.ProductPageTest" name="SalectQuantity" time="0.002"/>
  <system-out/>
  <testcase classname="BatchTesting.ProductPageTest" name="AddProductToCart" time="0.001"/>
  <system-out/>
  <testcase classname="BatchTesting.ProductPageTest" name="AddProductToWishList" time="0.002"/>
  <system-out/>
</testsuite> <!-- BatchTesting.ProductPageTest -->
