<?xml version="1.0" encoding="UTF-8"?>
<!-- Generated by org.testng.reporters.JUnitReportReporter -->
<testsuite hostname="DESKTOP-NI2O2K0" failures="0" tests="2" name="BatchTesting.LoginTest" time="0.010" errors="0" timestamp="2022-09-09T01:48:13 IST" skipped="0">
  <testcase classname="BatchTesting.LoginTest" name="LoginByMobileNumber" time="0.006"/>
  <system-out/>
  <testcase classname="BatchTesting.LoginTest" name="LoginByEmailID" time="0.004"/>
  <system-out/>
</testsuite> <!-- BatchTesting.LoginTest -->
