<?xml version="1.0" encoding="UTF-8"?>
<!-- Generated by org.testng.reporters.JUnitReportReporter -->
<testsuite hostname="DESKTOP-NI2O2K0" failures="0" tests="2" name="BatchTesting.PaymentTest" time="0.002" errors="0" timestamp="2022-09-09T01:48:13 IST" skipped="0">
  <testcase classname="BatchTesting.PaymentTest" name="CashOnDelivery" time="0.001"/>
  <system-out/>
  <testcase classname="BatchTesting.PaymentTest" name="NetBanking" time="0.001"/>
  <system-out/>
</testsuite> <!-- BatchTesting.PaymentTest -->
