<?xml version="1.0" encoding="UTF-8"?>
<!-- Generated by org.testng.reporters.JUnitReportReporter -->
<testsuite hostname="DESKTOP-NI2O2K0" failures="0" tests="3" name="DataProvider.DataProviderEx" time="31.791" errors="0" timestamp="2022-09-07T14:49:39 IST" skipped="0">
  <testcase classname="DataProvider.DataProviderEx" name="TestDataOnGoole" time="10.927"/>
  <system-out/>
  <testcase classname="DataProvider.DataProviderEx" name="TestDataOnGoole" time="12.026"/>
  <system-out/>
  <testcase classname="DataProvider.DataProviderEx" name="TestDataOnGoole" time="8.838"/>
  <system-out/>
</testsuite> <!-- DataProvider.DataProviderEx -->
