<?xml version="1.0" encoding="UTF-8"?>
<!-- Generated by org.testng.reporters.JUnitReportReporter -->
<testsuite hostname="DESKTOP-NI2O2K0" failures="0" tests="7" name="testNGproject.InvocationCount" time="0.029" errors="0" timestamp="2022-08-14T22:18:19 IST" skipped="0">
  <testcase classname="testNGproject.InvocationCount" name="TestMethod1" time="0.003"/>
  <system-out/>
  <testcase classname="testNGproject.InvocationCount" name="TestMethod1" time="0.002"/>
  <system-out/>
  <testcase classname="testNGproject.InvocationCount" name="TestMethod1" time="0.001"/>
  <system-out/>
  <testcase classname="testNGproject.InvocationCount" name="TestMethod1" time="0.002"/>
  <system-out/>
  <testcase classname="testNGproject.InvocationCount" name="TestMethod2" time="0.001"/>
  <system-out/>
  <testcase classname="testNGproject.InvocationCount" name="TestMethod1" time="0.018"/>
  <system-out/>
  <testcase classname="testNGproject.InvocationCount" name="TestMethod2" time="0.002"/>
  <system-out/>
</testsuite> <!-- testNGproject.InvocationCount -->
